<?xml version="1.0" encoding="UTF-8"?>
<!-- Generated by org.testng.reporters.JUnitReportReporter -->
<testsuite hostname="DESKTOP-IBF8EPG" failures="0" tests="3" name="workingWithUnitTestingTool.WorkingWithDependsOnGroups2" time="31.363" errors="0" timestamp="2024-03-12T12:51:41 IST" skipped="0">
  <testcase classname="workingWithUnitTestingTool.WorkingWithDependsOnGroups2" name="uber" time="8.010"/>
  <system-out/>
  <testcase classname="workingWithUnitTestingTool.WorkingWithDependsOnGroups2" name="ola" time="13.171"/>
  <system-out/>
  <testcase classname="workingWithUnitTestingTool.WorkingWithDependsOnGroups2" name="rapido" time="10.182"/>
  <system-out/>
</testsuite> <!-- workingWithUnitTestingTool.WorkingWithDependsOnGroups2 -->
