<?xml version="1.0" encoding="UTF-8"?>
<!-- Generated by org.testng.reporters.JUnitReportReporter -->
<testsuite hostname="DESKTOP-IBF8EPG" failures="0" tests="1" name="testScript.ToRunGodiva" time="22.182" errors="0" timestamp="2024-03-12T17:27:15 IST" skipped="0">
  <testcase classname="testScript.ToRunGodiva" name="godiva" time="22.182"/>
  <system-out/>
</testsuite> <!-- testScript.ToRunGodiva -->
