<?xml version="1.0" encoding="UTF-8"?>
<!-- Generated by org.testng.reporters.JUnitReportReporter -->
<testsuite hostname="DESKTOP-IBF8EPG" failures="0" tests="3" name="workingWithUnitTestingTool.WorkingWithInvocationCount" time="35.193" errors="0" timestamp="2024-03-07T15:16:09 IST" skipped="0">
  <testcase classname="workingWithUnitTestingTool.WorkingWithInvocationCount" name="run" time="11.761"/>
  <system-out/>
  <testcase classname="workingWithUnitTestingTool.WorkingWithInvocationCount" name="run" time="12.519"/>
  <system-out/>
  <testcase classname="workingWithUnitTestingTool.WorkingWithInvocationCount" name="run" time="10.913"/>
  <system-out/>
</testsuite> <!-- workingWithUnitTestingTool.WorkingWithInvocationCount -->
