<?xml version="1.0" encoding="UTF-8"?>
<!-- Generated by org.testng.reporters.JUnitReportReporter -->
<testsuite hostname="DESKTOP-IBF8EPG" failures="0" tests="1" name="workingWithUnitTestingTool.Group" time="9.303" errors="0" timestamp="2024-03-07T16:31:50 IST" skipped="0">
  <testcase classname="workingWithUnitTestingTool.Group" name="payment" time="9.303"/>
  <system-out/>
</testsuite> <!-- workingWithUnitTestingTool.Group -->
