<?xml version="1.0" encoding="UTF-8"?>
<!-- Generated by org.testng.reporters.JUnitReportReporter -->
<testsuite hostname="DESKTOP-IBF8EPG" failures="0" tests="1" name="workingWithUnitTestingTool.Basic" time="0.016" errors="0" timestamp="2024-03-06T16:35:36 IST" skipped="0">
  <testcase classname="workingWithUnitTestingTool.Basic" name="run" time="0.016"/>
  <system-out/>
</testsuite> <!-- workingWithUnitTestingTool.Basic -->
