<?xml version="1.0" encoding="UTF-8"?>
<!-- Generated by org.testng.reporters.JUnitReportReporter -->
<testsuite hostname="DESKTOP-IBF8EPG" failures="0" tests="1" name="workingWithPom.TC_Reg_002" time="2.167" errors="0" timestamp="2024-03-19T17:29:04 IST" skipped="0">
  <testcase classname="workingWithPom.TC_Reg_002" name="login" time="2.167"/>
  <system-out/>
</testsuite> <!-- workingWithPom.TC_Reg_002 -->
