<?xml version="1.0" encoding="UTF-8"?>
<!-- Generated by org.testng.reporters.JUnitReportReporter -->
<testsuite hostname="DESKTOP-IBF8EPG" failures="0" tests="1" name="workingWithTestingProject.TC_Demo_001" time="23.313" errors="0" timestamp="2024-03-11T17:40:26 IST" skipped="0">
  <testcase classname="workingWithTestingProject.TC_Demo_001" name="validate_that_user_is_able_to_click_on_wishlist_link" time="23.313"/>
  <system-out/>
</testsuite> <!-- workingWithTestingProject.TC_Demo_001 -->
