<?xml version="1.0" encoding="UTF-8"?>
<!-- Generated by org.testng.reporters.JUnitReportReporter -->
<testsuite hostname="DESKTOP-IBF8EPG" failures="0" tests="3" name="workingWithUnitTestingTool.Basics" time="84.901" errors="0" timestamp="2024-03-07T15:10:03 IST" skipped="0">
  <testcase classname="workingWithUnitTestingTool.Basics" name="run" time="28.809"/>
  <system-out/>
  <testcase classname="workingWithUnitTestingTool.Basics" name="run" time="28.077"/>
  <system-out/>
  <testcase classname="workingWithUnitTestingTool.Basics" name="run" time="28.015"/>
  <system-out/>
</testsuite> <!-- workingWithUnitTestingTool.Basics -->
