<?xml version="1.0" encoding="UTF-8"?>
<!-- Generated by org.testng.reporters.JUnitReportReporter -->
<testsuite hostname="DESKTOP-IBF8EPG" failures="0" tests="2" name="testScript.ToRunDell" time="34.493" errors="0" timestamp="2024-03-12T17:27:15 IST" skipped="0">
  <testcase classname="testScript.ToRunDell" name="dell" time="14.150"/>
  <system-out/>
  <testcase classname="testScript.ToRunDell" name="dell" time="20.343"/>
  <system-out/>
</testsuite> <!-- testScript.ToRunDell -->
