<?xml version="1.0" encoding="UTF-8"?>
<!-- Generated by org.testng.reporters.JUnitReportReporter -->
<testsuite hostname="DESKTOP-IBF8EPG" failures="0" tests="2" name="workingWithUnitTestingTool.WorkingWithDataProvider2" time="0.012" errors="0" timestamp="2024-03-16T15:51:47 IST" skipped="0">
  <testcase classname="workingWithUnitTestingTool.WorkingWithDataProvider2" name="dataDemo" time="0.002"/>
  <system-out/>
  <testcase classname="workingWithUnitTestingTool.WorkingWithDataProvider2" name="dataDemo" time="0.010"/>
  <system-out/>
</testsuite> <!-- workingWithUnitTestingTool.WorkingWithDataProvider2 -->
