<?xml version="1.0" encoding="UTF-8"?>
<!-- Generated by org.testng.reporters.JUnitReportReporter -->
<testsuite hostname="DESKTOP-IBF8EPG" failures="0" tests="3" name="workingWithUnitTestingTool.WorkingWithDependsOnGroups" time="28.716" errors="0" timestamp="2024-03-07T16:31:50 IST" skipped="0">
  <testcase classname="workingWithUnitTestingTool.WorkingWithDependsOnGroups" name="motorola" time="11.290"/>
  <system-out/>
  <testcase classname="workingWithUnitTestingTool.WorkingWithDependsOnGroups" name="samsung" time="8.961"/>
  <system-out/>
  <testcase classname="workingWithUnitTestingTool.WorkingWithDependsOnGroups" name="realme" time="8.465"/>
  <system-out/>
</testsuite> <!-- workingWithUnitTestingTool.WorkingWithDependsOnGroups -->
