<?xml version="1.0" encoding="UTF-8"?>
<!-- Generated by org.testng.reporters.JUnitReportReporter -->
<testsuite hostname="DESKTOP-IBF8EPG" failures="0" tests="1" name="testScript.ToRunSnickers" time="12.913" errors="0" timestamp="2024-03-12T17:27:15 IST" skipped="0">
  <testcase classname="testScript.ToRunSnickers" name="snickers" time="12.913"/>
  <system-out/>
</testsuite> <!-- testScript.ToRunSnickers -->
