<?xml version="1.0" encoding="UTF-8"?>
<!-- Generated by org.testng.reporters.JUnitReportReporter -->
<testsuite hostname="DESKTOP-IBF8EPG" failures="0" tests="1" name="genericLib.ToReadDataFromPropertyFile" time="6.763" errors="0" timestamp="2024-03-18T15:53:40 IST" skipped="0">
  <testcase classname="genericLib.ToReadDataFromPropertyFile" name="toOpenDemoWebshop" time="6.763"/>
  <system-out/>
</testsuite> <!-- genericLib.ToReadDataFromPropertyFile -->
