<?xml version="1.0" encoding="UTF-8"?>
<!-- Generated by org.testng.reporters.JUnitReportReporter -->
<testsuite hostname="DESKTOP-IBF8EPG" failures="0" tests="1" name="workingWithPom.Program2" time="13.160" errors="0" timestamp="2024-03-20T15:39:24 IST" skipped="0">
  <testcase classname="workingWithPom.Program2" name="searchProduct" time="13.160"/>
  <system-out/>
</testsuite> <!-- workingWithPom.Program2 -->
