<?xml version="1.0" encoding="UTF-8"?>
<!-- Generated by org.testng.reporters.JUnitReportReporter -->
<testsuite hostname="DESKTOP-IBF8EPG" failures="0" tests="3" name="workingWithUnitTestingTool.WorkingWithChronologicalOrder" time="0.044" errors="0" timestamp="2024-03-12T12:44:27 IST" skipped="0">
  <testcase classname="workingWithUnitTestingTool.WorkingWithChronologicalOrder" name="test2" time="0.006"/>
  <system-out/>
  <testcase classname="workingWithUnitTestingTool.WorkingWithChronologicalOrder" name="test1" time="0.011"/>
  <system-out/>
  <testcase classname="workingWithUnitTestingTool.WorkingWithChronologicalOrder" name="test3" time="0.027"/>
  <system-out/>
</testsuite> <!-- workingWithUnitTestingTool.WorkingWithChronologicalOrder -->
