<?xml version="1.0" encoding="UTF-8"?>
<!-- Generated by org.testng.reporters.JUnitReportReporter -->
<testsuite hostname="DESKTOP-IBF8EPG" failures="0" tests="1" name="workingWithUnitTestingTool.WorkinWithHardAssert" time="21.830" errors="0" timestamp="2024-03-13T16:23:45 IST" skipped="0">
  <testcase classname="workingWithUnitTestingTool.WorkinWithHardAssert" name="login" time="21.830"/>
  <system-out>
    <![CDATA[User is able to open empty browser
User is able to maximize browser
User is able to open BMW]]>
  </system-out>
</testsuite> <!-- workingWithUnitTestingTool.WorkinWithHardAssert -->
