<?xml version="1.0" encoding="UTF-8"?>
<!-- Generated by org.testng.reporters.JUnitReportReporter -->
<testsuite hostname="DESKTOP-IBF8EPG" failures="0" tests="2" name="workingWithUnitTestingTool.WorkingWithDataProvider" time="0.041" errors="0" timestamp="2024-03-16T15:49:36 IST" skipped="0">
  <testcase classname="workingWithUnitTestingTool.WorkingWithDataProvider" name="dataDemo" time="0.029"/>
  <system-out/>
  <testcase classname="workingWithUnitTestingTool.WorkingWithDataProvider" name="dataDemo" time="0.012"/>
  <system-out/>
</testsuite> <!-- workingWithUnitTestingTool.WorkingWithDataProvider -->
