<?xml version="1.0" encoding="UTF-8"?>
<!-- Generated by org.testng.reporters.JUnitReportReporter -->
<testsuite hostname="DESKTOP-IBF8EPG" failures="0" tests="1" name="workingWithPom.TC_Reg_001" time="1.672" errors="0" timestamp="2024-03-19T17:28:35 IST" skipped="0">
  <testcase classname="workingWithPom.TC_Reg_001" name="register" time="1.672"/>
  <system-out/>
</testsuite> <!-- workingWithPom.TC_Reg_001 -->
