<?xml version="1.0" encoding="UTF-8"?>
<!-- Generated by org.testng.reporters.JUnitReportReporter -->
<testsuite hostname="DESKTOP-IBF8EPG" failures="0" tests="1" name="workingWithUnitTestingTool.WorkingWithCrossBrowserTesting" time="12.689" errors="0" timestamp="2024-03-13T15:43:00 IST" skipped="0">
  <testcase classname="workingWithUnitTestingTool.WorkingWithCrossBrowserTesting" name="browser" time="12.689"/>
  <system-out/>
</testsuite> <!-- workingWithUnitTestingTool.WorkingWithCrossBrowserTesting -->
