<?xml version="1.0" encoding="UTF-8"?>
<!-- Generated by org.testng.reporters.JUnitReportReporter -->
<testsuite hostname="DESKTOP-IBF8EPG" failures="0" tests="1" name="workingWithUnitTestingTool.WorkingWithSoftAssert" time="19.937" errors="0" timestamp="2024-03-13T16:32:33 IST" skipped="0">
  <testcase classname="workingWithUnitTestingTool.WorkingWithSoftAssert" name="login" time="19.937"/>
  <system-out>
    <![CDATA[User is able to open empty browser
User is able to maximize browser
User is able to open BMW]]>
  </system-out>
</testsuite> <!-- workingWithUnitTestingTool.WorkingWithSoftAssert -->
