<?xml version="1.0" encoding="UTF-8"?>
<!-- Generated by org.testng.reporters.JUnitReportReporter -->
<testsuite hostname="DESKTOP-IBF8EPG" failures="0" tests="1" name="workingWithTestNgProject.TC_Demo_001" time="6.938" errors="0" timestamp="2024-03-12T17:22:41 IST" skipped="0">
  <testcase classname="workingWithTestNgProject.TC_Demo_001" name="validate_that_user_is_able_to_click_on_wishlist_link" time="6.938"/>
  <system-out>
    <![CDATA[User is able to click on wishlist]]>
  </system-out>
</testsuite> <!-- workingWithTestNgProject.TC_Demo_001 -->
