<?xml version="1.0" encoding="UTF-8"?>
<!-- Generated by org.testng.reporters.JUnitReportReporter -->
<testsuite hostname="DESKTOP-IBF8EPG" failures="0" tests="1" name="workingWithUnitTestingTool.Group2" time="10.548" errors="0" timestamp="2024-03-12T12:51:41 IST" skipped="0">
  <testcase classname="workingWithUnitTestingTool.Group2" name="movie" time="10.548"/>
  <system-out/>
</testsuite> <!-- workingWithUnitTestingTool.Group2 -->
