<?xml version="1.0" encoding="UTF-8"?>
<!-- Generated by org.testng.reporters.JUnitReportReporter -->
<testsuite hostname="DESKTOP-IBF8EPG" failures="0" tests="2" name="testScript.toRunHP" time="44.249" errors="0" timestamp="2024-03-12T17:27:15 IST" skipped="0">
  <testcase classname="testScript.toRunHP" name="HP" time="29.582"/>
  <system-out/>
  <testcase classname="testScript.toRunHP" name="HP" time="14.667"/>
  <system-out/>
</testsuite> <!-- testScript.toRunHP -->
