<?xml version="1.0" encoding="UTF-8"?>
<!-- Generated by org.testng.reporters.JUnitReportReporter -->
<testsuite hostname="DESKTOP-IBF8EPG" failures="0" tests="2" name="testScript.ToRunLenovo" time="34.575" errors="0" timestamp="2024-03-12T17:27:15 IST" skipped="0">
  <testcase classname="testScript.ToRunLenovo" name="lenovo" time="20.408"/>
  <system-out/>
  <testcase classname="testScript.ToRunLenovo" name="lenovo" time="14.167"/>
  <system-out/>
</testsuite> <!-- testScript.ToRunLenovo -->
