<?xml version="1.0" encoding="UTF-8"?>
<!-- Generated by org.testng.reporters.JUnitReportReporter -->
<testsuite hostname="DESKTOP-IBF8EPG" failures="0" tests="1" name="testScript.ToRunNestleKitkat" time="25.032" errors="0" timestamp="2024-03-12T17:27:15 IST" skipped="0">
  <testcase classname="testScript.ToRunNestleKitkat" name="nestleKitkat" time="25.032"/>
  <system-out/>
</testsuite> <!-- testScript.ToRunNestleKitkat -->
