<?xml version="1.0" encoding="UTF-8"?>
<!-- Generated by org.testng.reporters.JUnitReportReporter -->
<testsuite hostname="DESKTOP-IBF8EPG" failures="0" tests="5" name="workingWithUnitTestingTool.WorkingWithDependsOnMethod" time="0.030" errors="0" timestamp="2024-03-07T15:55:59 IST" skipped="0">
  <testcase classname="workingWithUnitTestingTool.WorkingWithDependsOnMethod" name="payment" time="0.008"/>
  <system-out/>
  <testcase classname="workingWithUnitTestingTool.WorkingWithDependsOnMethod" name="register" time="0.013"/>
  <system-out/>
  <testcase classname="workingWithUnitTestingTool.WorkingWithDependsOnMethod" name="cart" time="0.003"/>
  <system-out/>
  <testcase classname="workingWithUnitTestingTool.WorkingWithDependsOnMethod" name="login" time="0.001"/>
  <system-out/>
  <testcase classname="workingWithUnitTestingTool.WorkingWithDependsOnMethod" name="search" time="0.005"/>
  <system-out/>
</testsuite> <!-- workingWithUnitTestingTool.WorkingWithDependsOnMethod -->
